<?xml version="1.0" encoding="UTF-8"?>
<!-- Generated by org.testng.reporters.JUnitReportReporter -->
<testsuite name="pkg1.RestApiTesting" tests="1" time="2.384" ignored="0" failures="0" timestamp="26 Mar 2018 07:36:07 GMT" skipped="0" hostname="EXIND3901" errors="0">
  <testcase name="webserviceValidation" time="2.384" classname="pkg1.RestApiTesting"/>
</testsuite> <!-- pkg1.RestApiTesting -->
